<?xml version="1.0" encoding="UTF-8"?>
<testng-results ignored="0" total="1" passed="1" failed="0" skipped="0">
  <reporter-output>
  </reporter-output>
  <suite started-at="2023-01-30T14:36:46 IST" name="Default suite" finished-at="2023-01-30T14:36:46 IST" duration-ms="34">
    <groups>
    </groups>
    <test started-at="2023-01-30T14:36:46 IST" name="Default test" finished-at="2023-01-30T14:36:46 IST" duration-ms="34">
      <class name="Demo.TestDemo">
        <test-method signature="demo()[pri:0, instance:Demo.TestDemo@12b0404f]" started-at="2023-01-30T14:36:46 IST" name="demo" finished-at="2023-01-30T14:36:46 IST" duration-ms="6" status="PASS">
          <reporter-output>
          </reporter-output>
        </test-method> <!-- demo -->
      </class> <!-- Demo.TestDemo -->
    </test> <!-- Default test -->
  </suite> <!-- Default suite -->
</testng-results>
